<?xml version="1.0" encoding="UTF-8"?>
<Site BuildName="(empty)"
	BuildStamp="20240621-0930-Experimental"
	Name="NMBU-Desktop"
	Generator="ctest-3.22.1"
	CompilerName="/usr/bin/g++"
	CompilerVersion="11.4.0"
	OSName="Linux"
	Hostname="NMBU-Desktop"
	OSRelease="6.5.0-41-generic"
	OSVersion="#41~22.04.2-Ubuntu SMP PREEMPT_DYNAMIC Mon Jun  3 11:32:55 UTC 2"
	OSPlatform="x86_64"
	Is64Bits="1"
	VendorString="AuthenticAMD"
	VendorID="Advanced Micro Devices"
	FamilyID="23"
	ModelID="113"
	ProcessorCacheSize="512"
	NumberOfLogicalCPU="12"
	NumberOfPhysicalCPU="6"
	TotalVirtualMemory="2047"
	TotalPhysicalMemory="15900"
	LogicalProcessorsPerPhysical="2"
	ProcessorClockFrequency="3916.71"
	>
	<Testing>
		<StartDateTime>Jun 21 11:30 CEST</StartDateTime>
		<StartTestTime>1718962220</StartTestTime>
		<TestList/>
		<EndDateTime>Jun 21 11:30 CEST</EndDateTime>
		<EndTestTime>1718962220</EndTestTime>
		<ElapsedMinutes>0</ElapsedMinutes>
	</Testing>
</Site>
