<?xml version="1.0" encoding="UTF-8"?>
<Site BuildName="(empty)"
	BuildStamp="20240617-0830-Experimental"
	Name="NMBU-Desktop"
	Generator="ctest-3.22.1"
	CompilerName="/usr/bin/g++"
	CompilerVersion="11.4.0"
	OSName="Linux"
	Hostname="NMBU-Desktop"
	OSRelease="6.5.0-35-generic"
	OSVersion="#35~22.04.1-Ubuntu SMP PREEMPT_DYNAMIC Tue May  7 09:00:52 UTC 2"
	OSPlatform="x86_64"
	Is64Bits="1"
	VendorString="AuthenticAMD"
	VendorID="Advanced Micro Devices"
	FamilyID="23"
	ModelID="113"
	ProcessorCacheSize="512"
	NumberOfLogicalCPU="12"
	NumberOfPhysicalCPU="6"
	TotalVirtualMemory="2047"
	TotalPhysicalMemory="15900"
	LogicalProcessorsPerPhysical="2"
	ProcessorClockFrequency="3889.03"
	>
	<Testing>
		<StartDateTime>Jun 17 10:30 CEST</StartDateTime>
		<StartTestTime>1718613015</StartTestTime>
		<TestList/>
		<EndDateTime>Jun 17 10:30 CEST</EndDateTime>
		<EndTestTime>1718613015</EndTestTime>
		<ElapsedMinutes>0</ElapsedMinutes>
	</Testing>
</Site>
